<?xml version="1.0" encoding="UTF-8"?>
<testng-results ignored="0" total="1" passed="1" failed="0" skipped="0">
  <reporter-output>
  </reporter-output>
  <suite started-at="2023-05-07T12:41:07 IST" name="Default suite" finished-at="2023-05-07T12:41:11 IST" duration-ms="3877">
    <groups>
      <group name="smoke">
        <method signature="amazonTest.hkl()[pri:0, instance:Dummy.amazonTest@7c711375]" name="hkl" class="Dummy.amazonTest"/>
      </group> <!-- smoke -->
    </groups>
    <test started-at="2023-05-07T12:41:07 IST" name="Default test" finished-at="2023-05-07T12:41:11 IST" duration-ms="3877">
      <class name="Dummy.amazonTest">
        <test-method signature="hkl()[pri:0, instance:Dummy.amazonTest@7c711375]" started-at="2023-05-07T12:41:07 IST" name="hkl" finished-at="2023-05-07T12:41:11 IST" duration-ms="3815" status="PASS">
          <reporter-output>
          </reporter-output>
        </test-method> <!-- hkl -->
      </class> <!-- Dummy.amazonTest -->
    </test> <!-- Default test -->
  </suite> <!-- Default suite -->
</testng-results>
